<?xml version="1.0" encoding="UTF-8"?>
<!-- Generated by org.testng.reporters.JUnitXMLReporter -->
<testsuite hostname="DESKTOP-MUUF13S" ignored="14" name="Test" tests="8" failures="0" timestamp="12 Feb 2022 03:40:28 GMT" time="144.681" errors="0">
  <testcase name="clickRegister" time="16.634" classname="testCaseScenarios.regression.TC001_Register"/>
  <testcase name="clickLogout" time="9.891" classname="testCaseScenarios.regression.TC009_Logout"/>
  <testcase name="clickLogin" time="12.391" classname="testCaseScenarios.regression.TC002_Login"/>
  <testcase name="clickShopProducts" time="37.636" classname="testCaseScenarios.regression.TC003_ShopProducts"/>
  <testcase name="clickShoppingCart" time="4.829" classname="testCaseScenarios.regression.TC004_ViewCart"/>
  <testcase name="clickEmptyCart" time="23.279" classname="testCaseScenarios.regression.TC008_EmptyCart"/>
  <testcase name="clickContactUs" time="15.227" classname="testCaseScenarios.regression.TC006_ContactUs"/>
  <testcase name="clickReturns" time="23.397" classname="testCaseScenarios.regression.TC007_Returns"/>
  <testcase name="@AfterSuite tearDown" time="0.0" classname="defaultClasses.BaseClass">
    <ignored/>
  </testcase> <!-- @AfterSuite tearDown -->
  <testcase name="@AfterSuite tearDown" time="0.0" classname="defaultClasses.BaseClass">
    <ignored/>
  </testcase> <!-- @AfterSuite tearDown -->
  <testcase name="@AfterSuite tearDown" time="0.0" classname="defaultClasses.BaseClass">
    <ignored/>
  </testcase> <!-- @AfterSuite tearDown -->
  <testcase name="@AfterSuite tearDown" time="0.0" classname="defaultClasses.BaseClass">
    <ignored/>
  </testcase> <!-- @AfterSuite tearDown -->
  <testcase name="@AfterSuite tearDown" time="0.0" classname="defaultClasses.BaseClass">
    <ignored/>
  </testcase> <!-- @AfterSuite tearDown -->
  <testcase name="@AfterSuite tearDown" time="0.0" classname="defaultClasses.BaseClass">
    <ignored/>
  </testcase> <!-- @AfterSuite tearDown -->
  <testcase name="@AfterSuite tearDown" time="0.0" classname="defaultClasses.BaseClass">
    <ignored/>
  </testcase> <!-- @AfterSuite tearDown -->
  <testcase name="@BeforeSuite init" time="0.0" classname="defaultClasses.BaseClass">
    <ignored/>
  </testcase> <!-- @BeforeSuite init -->
  <testcase name="@BeforeSuite init" time="0.0" classname="defaultClasses.BaseClass">
    <ignored/>
  </testcase> <!-- @BeforeSuite init -->
  <testcase name="@BeforeSuite init" time="0.0" classname="defaultClasses.BaseClass">
    <ignored/>
  </testcase> <!-- @BeforeSuite init -->
  <testcase name="@BeforeSuite init" time="0.0" classname="defaultClasses.BaseClass">
    <ignored/>
  </testcase> <!-- @BeforeSuite init -->
  <testcase name="@BeforeSuite init" time="0.0" classname="defaultClasses.BaseClass">
    <ignored/>
  </testcase> <!-- @BeforeSuite init -->
  <testcase name="@BeforeSuite init" time="0.0" classname="defaultClasses.BaseClass">
    <ignored/>
  </testcase> <!-- @BeforeSuite init -->
  <testcase name="@BeforeSuite init" time="0.0" classname="defaultClasses.BaseClass">
    <ignored/>
  </testcase> <!-- @BeforeSuite init -->
</testsuite> <!-- Test -->
