<?xml version="1.0" encoding="UTF-8"?>
<!-- Generated by org.testng.reporters.JUnitXMLReporter -->
<testsuite hostname="DESKTOP-MUUF13S" ignored="6" name="Test" tests="4" failures="0" timestamp="12 Feb 2022 03:51:52 GMT" time="75.93" errors="0">
  <testcase name="checkParentContainer" time="8.905" classname="testCaseScenarios.smoke.TC001_HomePage"/>
  <testcase name="clickShopProducts" time="37.871" classname="testCaseScenarios.smoke.TC002_ShoppingProducts"/>
  <testcase name="clickShoppingCart" time="4.843" classname="testCaseScenarios.smoke.TC003_ViewtheCart"/>
  <testcase name="clickEmptyCart" time="23.203" classname="testCaseScenarios.smoke.TC004_EmptytheCart"/>
  <testcase name="@AfterSuite tearDown" time="0.0" classname="defaultClasses.BaseClass">
    <ignored/>
  </testcase> <!-- @AfterSuite tearDown -->
  <testcase name="@AfterSuite tearDown" time="0.0" classname="defaultClasses.BaseClass">
    <ignored/>
  </testcase> <!-- @AfterSuite tearDown -->
  <testcase name="@AfterSuite tearDown" time="0.0" classname="defaultClasses.BaseClass">
    <ignored/>
  </testcase> <!-- @AfterSuite tearDown -->
  <testcase name="@BeforeSuite init" time="0.0" classname="defaultClasses.BaseClass">
    <ignored/>
  </testcase> <!-- @BeforeSuite init -->
  <testcase name="@BeforeSuite init" time="0.0" classname="defaultClasses.BaseClass">
    <ignored/>
  </testcase> <!-- @BeforeSuite init -->
  <testcase name="@BeforeSuite init" time="0.0" classname="defaultClasses.BaseClass">
    <ignored/>
  </testcase> <!-- @BeforeSuite init -->
</testsuite> <!-- Test -->
